<?xml version="1.0" encoding="UTF-8"?>
<testng-results skipped="0" failed="1" total="1" passed="0">
  <reporter-output>
  </reporter-output>
  <suite name="Default suite" duration-ms="2491" started-at="2021-09-27T10:13:32Z" finished-at="2021-09-27T10:13:35Z">
    <groups>
    </groups>
    <test name="Default test" duration-ms="2491" started-at="2021-09-27T10:13:32Z" finished-at="2021-09-27T10:13:35Z">
      <class name="pomtest.Pomtestngtest">
        <test-method status="PASS" signature="initialize()[pri:0, instance:pomtest.Pomtestngtest@643b1d11]" name="initialize" is-config="true" duration-ms="2397" started-at="2021-09-27T05:13:32Z" finished-at="2021-09-27T05:13:35Z">
          <reporter-output>
          </reporter-output>
        </test-method> <!-- initialize -->
        <test-method status="FAIL" signature="gsearchtest()[pri:0, instance:pomtest.Pomtestngtest@643b1d11]" name="gsearchtest" duration-ms="3" started-at="2021-09-27T05:13:35Z" finished-at="2021-09-27T05:13:35Z">
          <exception class="java.lang.Error">
            <message>
              <![CDATA[Unresolved compilation problems: 
	g cannot be resolved
	g cannot be resolved
]]>
            </message>
            <full-stacktrace>
              <![CDATA[java.lang.Error: Unresolved compilation problems: 
	g cannot be resolved
	g cannot be resolved

	at pomtest.Pomtestngtest.gsearchtest(Pomtestngtest.java:27)
	at sun.reflect.NativeMethodAccessorImpl.invoke0(Native Method)
	at sun.reflect.NativeMethodAccessorImpl.invoke(Unknown Source)
	at sun.reflect.DelegatingMethodAccessorImpl.invoke(Unknown Source)
	at java.lang.reflect.Method.invoke(Unknown Source)
	at org.testng.internal.MethodInvocationHelper.invokeMethod(MethodInvocationHelper.java:100)
	at org.testng.internal.Invoker.invokeMethod(Invoker.java:646)
	at org.testng.internal.Invoker.invokeTestMethod(Invoker.java:811)
	at org.testng.internal.Invoker.invokeTestMethods(Invoker.java:1137)
	at org.testng.internal.TestMethodWorker.invokeTestMethods(TestMethodWorker.java:129)
	at org.testng.internal.TestMethodWorker.run(TestMethodWorker.java:112)
	at org.testng.TestRunner.privateRun(TestRunner.java:753)
	at org.testng.TestRunner.run(TestRunner.java:607)
	at org.testng.SuiteRunner.runTest(SuiteRunner.java:368)
	at org.testng.SuiteRunner.runSequentially(SuiteRunner.java:363)
	at org.testng.SuiteRunner.privateRun(SuiteRunner.java:321)
	at org.testng.SuiteRunner.run(SuiteRunner.java:270)
	at org.testng.SuiteRunnerWorker.runSuite(SuiteRunnerWorker.java:52)
	at org.testng.SuiteRunnerWorker.run(SuiteRunnerWorker.java:86)
	at org.testng.TestNG.runSuitesSequentially(TestNG.java:1284)
	at org.testng.TestNG.runSuitesLocally(TestNG.java:1209)
	at org.testng.TestNG.runSuites(TestNG.java:1124)
	at org.testng.TestNG.run(TestNG.java:1096)
	at org.testng.remote.AbstractRemoteTestNG.run(AbstractRemoteTestNG.java:132)
	at org.testng.remote.RemoteTestNG.initAndRun(RemoteTestNG.java:236)
	at org.testng.remote.RemoteTestNG.main(RemoteTestNG.java:81)
]]>
            </full-stacktrace>
          </exception> <!-- java.lang.Error -->
          <reporter-output>
          </reporter-output>
        </test-method> <!-- gsearchtest -->
        <test-method status="PASS" signature="teardown()[pri:0, instance:pomtest.Pomtestngtest@643b1d11]" name="teardown" is-config="true" duration-ms="73" started-at="2021-09-27T05:13:35Z" finished-at="2021-09-27T05:13:35Z">
          <reporter-output>
          </reporter-output>
        </test-method> <!-- teardown -->
      </class> <!-- pomtest.Pomtestngtest -->
    </test> <!-- Default test -->
  </suite> <!-- Default suite -->
</testng-results>
